<?xml version="1.0" encoding="UTF-8"?>
<testsuite xmlns:xsi="http://www.w3.org/2001/XMLSchema-instance" xsi:noNamespaceSchemaLocation="https://maven.apache.org/surefire/maven-surefire-plugin/xsd/surefire-test-report.xsd" name="fit.AppTest" time="0.088" tests="1" errors="0" skipped="0" failures="0">
  <properties>
    <property name="sun.desktop" value="windows"/>
    <property name="awt.toolkit" value="sun.awt.windows.WToolkit"/>
    <property name="java.specification.version" value="11"/>
    <property name="sun.cpu.isalist" value="amd64"/>
    <property name="sun.jnu.encoding" value="Cp1252"/>
    <property name="java.class.path" value="C:\Users\emilio.resende\Projects\impacta\pos\java\coding-lab\a1\hello-test\hello-world-emiliowl\target\test-classes;C:\Users\emilio.resende\Projects\impacta\pos\java\coding-lab\a1\hello-test\hello-world-emiliowl\target\classes;C:\Users\emilio.resende\.m2\repository\junit\junit\4.11\junit-4.11.jar;C:\Users\emilio.resende\.m2\repository\org\hamcrest\hamcrest-core\1.3\hamcrest-core-1.3.jar;"/>
    <property name="java.vm.vendor" value="Oracle Corporation"/>
    <property name="sun.arch.data.model" value="64"/>
    <property name="user.variant" value=""/>
    <property name="java.vendor.url" value="https://openjdk.java.net/"/>
    <property name="user.timezone" value="America/Sao_Paulo"/>
    <property name="java.vm.specification.version" value="11"/>
    <property name="os.name" value="Windows 10"/>
    <property name="sun.java.launcher" value="SUN_STANDARD"/>
    <property name="user.country" value="US"/>
    <property name="sun.boot.library.path" value="C:\Program Files\Java\jdk-11.0.7\bin"/>
    <property name="sun.java.command" value="C:\Users\EMILIO~1.RES\AppData\Local\Temp\surefire1718368975091171827\surefirebooter3236845293686740198.jar C:\Users\emilio.resende\AppData\Local\Temp\surefire1718368975091171827 2021-02-01T21-23-00_063-jvmRun1 surefire7036894555971319629tmp surefire_012256008754413843070tmp"/>
    <property name="jdk.debug" value="release"/>
    <property name="surefire.test.class.path" value="C:\Users\emilio.resende\Projects\impacta\pos\java\coding-lab\a1\hello-test\hello-world-emiliowl\target\test-classes;C:\Users\emilio.resende\Projects\impacta\pos\java\coding-lab\a1\hello-test\hello-world-emiliowl\target\classes;C:\Users\emilio.resende\.m2\repository\junit\junit\4.11\junit-4.11.jar;C:\Users\emilio.resende\.m2\repository\org\hamcrest\hamcrest-core\1.3\hamcrest-core-1.3.jar;"/>
    <property name="sun.cpu.endian" value="little"/>
    <property name="user.home" value="C:\Users\emilio.resende"/>
    <property name="user.language" value="en"/>
    <property name="java.specification.vendor" value="Oracle Corporation"/>
    <property name="java.version.date" value="2020-04-14"/>
    <property name="java.home" value="C:\Program Files\Java\jdk-11.0.7"/>
    <property name="file.separator" value="\"/>
    <property name="basedir" value="C:\Users\emilio.resende\Projects\impacta\pos\java\coding-lab\a1\hello-test\hello-world-emiliowl"/>
    <property name="java.vm.compressedOopsMode" value="Zero based"/>
    <property name="line.separator" value="&#10;"/>
    <property name="java.specification.name" value="Java Platform API Specification"/>
    <property name="java.vm.specification.vendor" value="Oracle Corporation"/>
    <property name="java.awt.graphicsenv" value="sun.awt.Win32GraphicsEnvironment"/>
    <property name="surefire.real.class.path" value="C:\Users\EMILIO~1.RES\AppData\Local\Temp\surefire1718368975091171827\surefirebooter3236845293686740198.jar"/>
    <property name="user.script" value=""/>
    <property name="sun.management.compiler" value="HotSpot 64-Bit Tiered Compilers"/>
    <property name="java.runtime.version" value="11.0.7+8-LTS"/>
    <property name="user.name" value="emilio.resende"/>
    <property name="path.separator" value=";"/>
    <property name="os.version" value="10.0"/>
    <property name="java.runtime.name" value="Java(TM) SE Runtime Environment"/>
    <property name="file.encoding" value="Cp1252"/>
    <property name="java.vm.name" value="Java HotSpot(TM) 64-Bit Server VM"/>
    <property name="java.vendor.version" value="18.9"/>
    <property name="localRepository" value="C:\Users\emilio.resende\.m2\repository"/>
    <property name="java.vendor.url.bug" value="https://bugreport.java.com/bugreport/"/>
    <property name="java.io.tmpdir" value="C:\Users\EMILIO~1.RES\AppData\Local\Temp\"/>
    <property name="java.version" value="11.0.7"/>
    <property name="user.dir" value="C:\Users\emilio.resende\Projects\impacta\pos\java\coding-lab\a1\hello-test\hello-world-emiliowl"/>
    <property name="os.arch" value="amd64"/>
    <property name="java.vm.specification.name" value="Java Virtual Machine Specification"/>
    <property name="java.awt.printerjob" value="sun.awt.windows.WPrinterJob"/>
    <property name="sun.os.patch.level" value=""/>
    <property name="java.library.path" value="C:\Program Files\Java\jdk-11.0.7\bin;C:\Windows\Sun\Java\bin;C:\Windows\system32;C:\Windows;C:\Program Files\PowerShell\7-preview;C:\Program Files (x86)\Microsoft SDKs\VSTS\CLI\wbin;C:\Windows\system32;C:\Windows;C:\Windows\System32\Wbem;C:\Windows\System32\WindowsPowerShell\v1.0\;C:\Windows\System32\OpenSSH\;C:\Program Files\Intel\WiFi\bin\;C:\Program Files\Common Files\Intel\WirelessCommon\;C:\Program Files\dotnet\;C:\ProgramData\chocolatey\bin;C:\Program Files\Microsoft SQL Server\130\Tools\Binn\;C:\Program Files\Microsoft SQL Server\Client SDK\ODBC\170\Tools\Binn\;C:\Users\emilio.resende\AppData\Roaming\nvm;C:\Program Files\nodejs;C:\Program Files\PowerShell\7-preview\preview;C:\Program Files (x86)\Yarn\bin\;C:\Program Files\Amazon\AWSCLIV2\;C:\Program Files\Amazon\AWSSAMCLI\bin\;C:\Go\bin;C:\ProgramData\chocolatey\lib\maven\apache-maven-3.6.3\bin;C:\Program Files\Git\cmd;C:\HashiCorp\Vagrant\bin;C:\Program Files (x86)\Gpg4win\..\GnuPG\bin;C:\Program Files\Docker\Docker\resources\bin;C:\ProgramData\DockerDesktop\version-bin;C:\Program Files (x86)\dotnet\;C:\Users\emilio.resende\AppData\Local\Programs\Python\Python38-32\Scripts\;C:\Users\emilio.resende\AppData\Local\Programs\Python\Python38-32\;C:\Users\emilio.resende\AppData\Local\Microsoft\WindowsApps;C:\Users\emilio.resende\AppData\Local\Programs\Microsoft VS Code\bin;C:\Users\emilio.resende\AppData\Local\Yarn\bin;C:\Users\emilio.resende\.dotnet\tools;C:\Users\emilio.resende\Documents\Utils;C:\Users\emilio.resende\AppData\Local\Programs\Azure Data Studio\bin;C:\Program Files\heroku\bin;C:\Program Files\Java\jdk-11.0.7\bin;C:\Users\emilio.resende\go\bin;C:\Program Files (x86)\phantomjs-2.1.1-windows\bin;C:\Program Files (x86)\phantomjs-2.1.1-windows\bin\phantomjs.exe;C:\Program Files\JetBrains\JetBrains Rider 2020.2.4\bin;C:\Users\emilio.resende\AppData\Roaming\Python\Python38\Scripts;C:\Program Files\Amazon\ECSCLI;C:\Users\emilio.resende\AppData\Local\GitHubDesktop\bin;C:\Users\emilio.resende\.dotnet\tools;C:\Program Files\JetBrains\IntelliJ IDEA 2020.3.2\bin;C:\Program Files\Java\jdk-11.0.7\;."/>
    <property name="java.vendor" value="Oracle Corporation"/>
    <property name="java.vm.info" value="mixed mode"/>
    <property name="java.vm.version" value="11.0.7+8-LTS"/>
    <property name="sun.io.unicode.encoding" value="UnicodeLittle"/>
    <property name="java.class.version" value="55.0"/>
  </properties>
  <testcase name="shouldAnswerWithTrue" classname="fit.AppTest" time="0.003"/>
</testsuite>